<?xml version="1.0" encoding="UTF-8"?>
<!-- Generated by org.testng.reporters.JUnitReportReporter -->
<testsuite hostname="AVIs" failures="0" tests="1" name="com.btf.qa.BasicTestFramework.CheckLDAPcanberequested" time="14.871" errors="0" timestamp="2021-11-06T19:15:43 IST" skipped="0">
  <testcase classname="com.btf.qa.BasicTestFramework.CheckLDAPcanberequested" name="CheckLDAPCanbeclicked" time="14.871"/>
  <system-out/>
</testsuite> <!-- com.btf.qa.BasicTestFramework.CheckLDAPcanberequested -->
