<?xml version="1.0" encoding="UTF-8"?>
<!-- Generated by org.testng.reporters.JUnitReportReporter -->
<testsuite hostname="AVIs" failures="0" tests="1" name="com.btf.qa.BasicTestFramework.CheckLoginUnsuccessfulMessage" time="5.262" errors="0" timestamp="2021-07-04T17:18:39 IST" skipped="0">
  <testcase classname="com.btf.qa.BasicTestFramework.CheckLoginUnsuccessfulMessage" name="loginUnsuccessful" time="5.262"/>
  <system-out/>
</testsuite> <!-- com.btf.qa.BasicTestFramework.CheckLoginUnsuccessfulMessage -->
