<?xml version="1.0" encoding="UTF-8"?>
<!-- Generated by org.testng.reporters.JUnitReportReporter -->
<testsuite hostname="AVIs" failures="0" tests="1" name="com.btf.qa.BasicTestFramework.ValidateTitle" time="11.296" errors="0" timestamp="2021-10-17T13:10:03 IST" skipped="0">
  <testcase classname="com.btf.qa.BasicTestFramework.ValidateTitle" name="basePageNavigation" time="11.296"/>
  <system-out/>
</testsuite> <!-- com.btf.qa.BasicTestFramework.ValidateTitle -->
