<?xml version="1.0" encoding="UTF-8"?>
<!-- Generated by org.testng.reporters.JUnitReportReporter -->
<testsuite hostname="AVIs" failures="0" tests="1" name="com.btf.qa.BasicTestFramework.CheckAddEmployeefunction" time="14.103" errors="0" timestamp="2021-07-24T17:51:26 IST" skipped="0">
  <testcase classname="com.btf.qa.BasicTestFramework.CheckAddEmployeefunction" name="checkAssignLeaveWorks" time="14.103"/>
  <system-out/>
</testsuite> <!-- com.btf.qa.BasicTestFramework.CheckAddEmployeefunction -->
