<?xml version="1.0" encoding="UTF-8"?>
<!-- Generated by org.testng.reporters.JUnitReportReporter -->
<testsuite hostname="AVIs" failures="0" tests="2" name="com.btf.qa.BasicTestFramework.CheckAddEmployeefunction" time="22.814" errors="0" timestamp="2021-10-31T14:21:38 IST" skipped="0">
  <testcase classname="com.btf.qa.BasicTestFramework.CheckAddEmployeefunction" name="checkEmptyAssignLeaveErrors" time="13.233"/>
  <system-out/>
  <testcase classname="com.btf.qa.BasicTestFramework.CheckAddEmployeefunction" name="checkAddEmployeeWorks" time="9.581"/>
  <system-out/>
</testsuite> <!-- com.btf.qa.BasicTestFramework.CheckAddEmployeefunction -->
