<?xml version="1.0" encoding="UTF-8"?>
<!-- Generated by org.testng.reporters.JUnitReportReporter -->
<testsuite hostname="AVIs" failures="0" tests="1" name="com.btf.qa.BasicTestFramework.CheckAssignLeaveAccessible" time="44.990" errors="0" timestamp="2021-10-09T22:39:55 IST" skipped="0">
  <testcase classname="com.btf.qa.BasicTestFramework.CheckAssignLeaveAccessible" name="checkAssignLeaveWorks" time="44.990"/>
  <system-out/>
</testsuite> <!-- com.btf.qa.BasicTestFramework.CheckAssignLeaveAccessible -->
