<?xml version="1.0" encoding="UTF-8"?>
<!-- Generated by org.testng.reporters.JUnitReportReporter -->
<testsuite hostname="AVIs" failures="0" tests="2" name="com.btf.qa.BasicTestFramework.CheckAddEmployeefunction" time="21.799" errors="0" timestamp="2021-10-31T14:18:26 IST" skipped="0">
  <testcase classname="com.btf.qa.BasicTestFramework.CheckAddEmployeefunction" name="checkEmptyAssignLeaveErrors" time="12.610"/>
  <system-out/>
  <testcase classname="com.btf.qa.BasicTestFramework.CheckAddEmployeefunction" name="checkAddEmployeeWorks" time="9.189"/>
  <system-out/>
</testsuite> <!-- com.btf.qa.BasicTestFramework.CheckAddEmployeefunction -->
