<?xml version="1.0" encoding="UTF-8"?>
<!-- Generated by org.testng.reporters.JUnitReportReporter -->
<testsuite hostname="AVIs" failures="0" tests="1" name="com.btf.qa.BasicTestFramework.CheckAddEmployeefunction" time="16.287" errors="0" timestamp="2021-10-16T23:39:35 IST" skipped="0">
  <testcase classname="com.btf.qa.BasicTestFramework.CheckAddEmployeefunction" name="checkAssignLeaveWorks" time="16.287"/>
  <system-out/>
</testsuite> <!-- com.btf.qa.BasicTestFramework.CheckAddEmployeefunction -->
