<?xml version="1.0" encoding="UTF-8"?>
<!-- Generated by org.testng.reporters.JUnitReportReporter -->
<testsuite hostname="AVIs" failures="0" tests="1" name="com.btf.qa.BasicTestFramework.CheckAssignLeaveAccessible" time="46.817" errors="0" timestamp="2021-07-17T14:49:42 IST" skipped="0">
  <testcase classname="com.btf.qa.BasicTestFramework.CheckAssignLeaveAccessible" name="checkAssignLeaveWorks" time="46.817"/>
  <system-out/>
</testsuite> <!-- com.btf.qa.BasicTestFramework.CheckAssignLeaveAccessible -->
