<?xml version="1.0" encoding="UTF-8"?>
<!-- Generated by org.testng.reporters.JUnitReportReporter -->
<testsuite hostname="AVIs" failures="0" tests="1" name="com.btf.qa.BasicTestFramework.ValidateTitle" time="8.805" errors="0" timestamp="2021-07-04T15:32:41 IST" skipped="0">
  <testcase classname="com.btf.qa.BasicTestFramework.ValidateTitle" name="basePageNavigation" time="8.805"/>
  <system-out/>
</testsuite> <!-- com.btf.qa.BasicTestFramework.ValidateTitle -->
