<?xml version="1.0" encoding="UTF-8"?>
<!-- Generated by org.testng.reporters.JUnitReportReporter -->
<testsuite hostname="AVIs" failures="0" tests="1" name="com.btf.qa.BasicTestFramework.CheckLoginSuccess" time="12.696" errors="0" timestamp="2021-08-29T22:53:26 IST" skipped="0">
  <testcase classname="com.btf.qa.BasicTestFramework.CheckLoginSuccess" name="loginSuccess" time="12.696"/>
  <system-out/>
</testsuite> <!-- com.btf.qa.BasicTestFramework.CheckLoginSuccess -->
