<?xml version="1.0" encoding="UTF-8"?>
<!-- Generated by org.testng.reporters.JUnitReportReporter -->
<testsuite hostname="AVIs" failures="0" tests="1" name="com.btf.qa.BasicTestFramework.HomePage" time="0.087" errors="0" timestamp="2021-07-04T14:49:54 IST" skipped="0">
  <testcase classname="com.btf.qa.BasicTestFramework.HomePage" name="basePageNavigation" time="0.087"/>
  <system-out/>
</testsuite> <!-- com.btf.qa.BasicTestFramework.HomePage -->
