<?xml version="1.0" encoding="UTF-8"?>
<!-- Generated by org.testng.reporters.JUnitReportReporter -->
<testsuite hostname="AVIs" failures="0" tests="1" name="com.btf.qa.BasicTestFramework.CheckAssignLeaveAccessible" time="13.747" errors="0" timestamp="2021-07-06T21:09:02 IST" skipped="0">
  <testcase classname="com.btf.qa.BasicTestFramework.CheckAssignLeaveAccessible" name="checkAssignLeaveWorks" time="13.747"/>
  <system-out/>
</testsuite> <!-- com.btf.qa.BasicTestFramework.CheckAssignLeaveAccessible -->
